<?xml version="1.0" encoding="UTF-8"?>
<testng-results ignored="0" total="2" passed="2" failed="0" skipped="0">
  <reporter-output>
  </reporter-output>
  <suite started-at="2024-01-17T14:08:11 EST" name="Default suite" finished-at="2024-01-17T14:08:38 EST" duration-ms="26903">
    <groups>
    </groups>
    <test started-at="2024-01-17T14:08:11 EST" name="Default test" finished-at="2024-01-17T14:08:38 EST" duration-ms="26903">
      <class name="ImageReaderTest">
        <test-method is-config="true" signature="startBrower()[pri:0, instance:ImageReaderTest@2c9399a4]" started-at="2024-01-17T14:08:11 EST" name="startBrower" finished-at="2024-01-17T14:08:15 EST" duration-ms="3744" status="PASS">
          <reporter-output>
          </reporter-output>
        </test-method> <!-- startBrower -->
        <test-method signature="test1()[pri:0, instance:ImageReaderTest@2c9399a4]" started-at="2024-01-17T14:08:15 EST" name="test1" finished-at="2024-01-17T14:08:33 EST" duration-ms="18144" status="PASS">
          <reporter-output>
          </reporter-output>
        </test-method> <!-- test1 -->
        <test-method is-config="true" signature="closeBrower()[pri:0, instance:ImageReaderTest@2c9399a4]" started-at="2024-01-17T14:08:33 EST" name="closeBrower" finished-at="2024-01-17T14:08:34 EST" duration-ms="435" status="PASS">
          <reporter-output>
          </reporter-output>
        </test-method> <!-- closeBrower -->
        <test-method is-config="true" signature="startBrower()[pri:0, instance:ImageReaderTest@2c9399a4]" started-at="2024-01-17T14:08:34 EST" name="startBrower" finished-at="2024-01-17T14:08:36 EST" duration-ms="2132" status="PASS">
          <reporter-output>
          </reporter-output>
        </test-method> <!-- startBrower -->
        <test-method signature="test2()[pri:0, instance:ImageReaderTest@2c9399a4]" started-at="2024-01-17T14:08:36 EST" name="test2" finished-at="2024-01-17T14:08:38 EST" duration-ms="2066" status="PASS">
          <reporter-output>
          </reporter-output>
        </test-method> <!-- test2 -->
        <test-method is-config="true" signature="closeBrower()[pri:0, instance:ImageReaderTest@2c9399a4]" started-at="2024-01-17T14:08:38 EST" name="closeBrower" finished-at="2024-01-17T14:08:38 EST" duration-ms="275" status="PASS">
          <reporter-output>
          </reporter-output>
        </test-method> <!-- closeBrower -->
      </class> <!-- ImageReaderTest -->
    </test> <!-- Default test -->
  </suite> <!-- Default suite -->
</testng-results>
